

***********************************************************************
Fatal NI connect error 12541, connecting to:
 (DESCRIPTION=(ADDRESS=(PROTOCOL=TCP)(HOST=baminote)(PORT=1521))(CONNECT_DATA=(SERVER=DEDICATED)(SERVICE_NAME=bami)(CID=(PROGRAM=C:\BAMI\Projects\SZT_2009\Service_1.27\TGKSender\bin\Debug\TGKSender.vshost.exe)(HOST=BAMINOTE)(USER=bami))))

  VERSION INFORMATION:
	TNS for 32-bit Windows: Version 9.2.0.1.0 - Production
	Windows NT TCP/IP NT Protocol Adapter for 32-bit Windows: Version 9.2.0.1.0 - Production
  Time: 15-APR-2009 09:49:40
  Tracing not turned on.
  Tns error struct:
    nr err code: 0
    ns main err code: 12541
    TNS-12541: TNS:no listener
    ns secondary err code: 12560
    nt main err code: 511
    TNS-00511: No listener
    nt secondary err code: 61
    nt OS err code: 0


***********************************************************************
Fatal NI connect error 12541, connecting to:
 (DESCRIPTION=(ADDRESS=(PROTOCOL=TCP)(HOST=baminote)(PORT=1521))(CONNECT_DATA=(SERVER=DEDICATED)(SERVICE_NAME=bami)(CID=(PROGRAM=C:\BAMI\Projects\SZT_2009\Service_1.27\TGKSender\bin\Debug\TGKSender.vshost.exe)(HOST=BAMINOTE)(USER=bami))))

  VERSION INFORMATION:
	TNS for 32-bit Windows: Version 9.2.0.1.0 - Production
	Windows NT TCP/IP NT Protocol Adapter for 32-bit Windows: Version 9.2.0.1.0 - Production
  Time: 15-APR-2009 09:50:15
  Tracing not turned on.
  Tns error struct:
    nr err code: 0
    ns main err code: 12541
    TNS-12541: TNS:no listener
    ns secondary err code: 12560
    nt main err code: 511
    TNS-00511: No listener
    nt secondary err code: 61
    nt OS err code: 0


***********************************************************************
Fatal NI connect error 12541, connecting to:
 (DESCRIPTION=(ADDRESS=(PROTOCOL=TCP)(HOST=baminote)(PORT=1521))(CONNECT_DATA=(SERVER=DEDICATED)(SERVICE_NAME=bami)(CID=(PROGRAM=C:\BAMI\Projects\SZT_2009\Service_1.27\TGKSender\bin\Debug\TGKSender.vshost.exe)(HOST=BAMINOTE)(USER=bami))))

  VERSION INFORMATION:
	TNS for 32-bit Windows: Version 9.2.0.1.0 - Production
	Windows NT TCP/IP NT Protocol Adapter for 32-bit Windows: Version 9.2.0.1.0 - Production
  Time: 15-APR-2009 09:50:37
  Tracing not turned on.
  Tns error struct:
    nr err code: 0
    ns main err code: 12541
    TNS-12541: TNS:no listener
    ns secondary err code: 12560
    nt main err code: 511
    TNS-00511: No listener
    nt secondary err code: 61
    nt OS err code: 0


***********************************************************************
Fatal NI connect error 12541, connecting to:
 (DESCRIPTION=(ADDRESS=(PROTOCOL=TCP)(HOST=baminote)(PORT=1521))(CONNECT_DATA=(SERVER=DEDICATED)(SERVICE_NAME=BAMI)(CID=(PROGRAM=C:\BAMI\Projects\SZT_2009\Service_1.28\TGKSender2\bin\Debug\TGKSender.vshost.exe)(HOST=BAMINOTE)(USER=bami))))

  VERSION INFORMATION:
	TNS for 32-bit Windows: Version 10.2.0.3.0 - Production
	Windows NT TCP/IP NT Protocol Adapter for 32-bit Windows: Version 10.2.0.3.0 - Production
  Time: 10-СЕН-2009 14:48:14
  Tracing not turned on.
  Tns error struct:
    ns main err code: 12541
    TNS-12541: TNS:нет прослушивателя
    ns secondary err code: 12560
    nt main err code: 511
    TNS-00511: Прослушиватель отсутствует
    nt secondary err code: 61
    nt OS err code: 0


***********************************************************************
Fatal NI connect error 12541, connecting to:
 (DESCRIPTION=(ADDRESS=(PROTOCOL=TCP)(HOST=baminote)(PORT=1521))(CONNECT_DATA=(SERVER=DEDICATED)(SERVICE_NAME=BAMI)(CID=(PROGRAM=C:\BAMI\Projects\SZT_2009\Service_1.28\TGKSender2\bin\Debug\TGKSender.vshost.exe)(HOST=BAMINOTE)(USER=bami))))

  VERSION INFORMATION:
	TNS for 32-bit Windows: Version 10.2.0.3.0 - Production
	Windows NT TCP/IP NT Protocol Adapter for 32-bit Windows: Version 10.2.0.3.0 - Production
  Time: 10-СЕН-2009 15:13:46
  Tracing not turned on.
  Tns error struct:
    ns main err code: 12541
    TNS-12541: TNS:нет прослушивателя
    ns secondary err code: 12560
    nt main err code: 511
    TNS-00511: Прослушиватель отсутствует
    nt secondary err code: 61
    nt OS err code: 0


***********************************************************************
Fatal NI connect error 12541, connecting to:
 (DESCRIPTION=(ADDRESS=(PROTOCOL=TCP)(HOST=baminote)(PORT=1521))(CONNECT_DATA=(SERVER=DEDICATED)(SERVICE_NAME=BAMI)(CID=(PROGRAM=C:\BAMI\Projects\SZT_2009\Service_1.28\TGKSender2\bin\Debug\TGKSender.vshost.exe)(HOST=BAMINOTE)(USER=bami))))

  VERSION INFORMATION:
	TNS for 32-bit Windows: Version 10.2.0.3.0 - Production
	Windows NT TCP/IP NT Protocol Adapter for 32-bit Windows: Version 10.2.0.3.0 - Production
  Time: 10-СЕН-2009 15:17:52
  Tracing not turned on.
  Tns error struct:
    ns main err code: 12541
    TNS-12541: TNS:нет прослушивателя
    ns secondary err code: 12560
    nt main err code: 511
    TNS-00511: Прослушиватель отсутствует
    nt secondary err code: 61
    nt OS err code: 0


***********************************************************************
Fatal NI connect error 12541, connecting to:
 (DESCRIPTION=(ADDRESS=(PROTOCOL=TCP)(HOST=baminote)(PORT=1521))(CONNECT_DATA=(SERVER=DEDICATED)(SERVICE_NAME=BAMI)(CID=(PROGRAM=C:\BAMI\Projects\SZT_2009\Service_1.28\TGKSender2\bin\Debug\TGKSender.vshost.exe)(HOST=BAMINOTE)(USER=bami))))

  VERSION INFORMATION:
	TNS for 32-bit Windows: Version 10.2.0.3.0 - Production
	Windows NT TCP/IP NT Protocol Adapter for 32-bit Windows: Version 10.2.0.3.0 - Production
  Time: 15-СЕН-2009 15:12:33
  Tracing not turned on.
  Tns error struct:
    ns main err code: 12541
    TNS-12541: TNS:нет прослушивателя
    ns secondary err code: 12560
    nt main err code: 511
    TNS-00511: Прослушиватель отсутствует
    nt secondary err code: 61
    nt OS err code: 0
